<?xml version="1.0" encoding="UTF-8"?>
<!-- Generated by org.testng.reporters.JUnitReportReporter -->
<testsuite skipped="0" hostname="DESKTOP-3EINJNF" name="AlertsTesting.TC002_AlertTwo" tests="1" failures="0" timestamp="2020-12-30T11:50:59 GMT" time="19.382" errors="0">
  <testcase name="BrowserLaunch_ApplicationLaunch" time="19.382" classname="AlertsTesting.TC002_AlertTwo"/>
  <system-out/>
</testsuite> <!-- AlertsTesting.TC002_AlertTwo -->
